<?xml version="1.0" encoding="UTF-8" ?>
<testsuite tests="4" failures="0" name="TestSuite" time="4.593" errors="0" skipped="0">
  <properties>
[...]
</properties>
  <testcase classname="com.test.demo.ZTJGTest" name="queryWinningBidProjectTest" time="0.436"/>
  <testcase classname="com.test.demo.ZTJGTest" name="queryWinningBidProjectTest" time="0.648"/>
  <testcase classname="com.test.demo.ZTJGTest" name="queryWinningBidProjectTest" time="0.465"/>
  <testcase classname="com.test.demo.ZTJGTest" name="queryWinningBidProjectTest" time="0.45"/>
</testsuite>